\BOOKMARK [0][-]{chapter.1}{ \040}{}
\BOOKMARK [1][-]{section*.3}{Intro}{chapter.1}
\BOOKMARK [1][-]{section.1.1}{ \040}{chapter.1}
\BOOKMARK [1][-]{section.1.2}{ \040 Python 2.5}{chapter.1}
\BOOKMARK [2][-]{subsection.1.2.1}{ Python \040Windows}{section.1.2}
\BOOKMARK [2][-]{subsection.1.2.2}{ Python \040Linux}{section.1.2}
\BOOKMARK [1][-]{section.1.3}{ \040Eclipse \040PyDev}{chapter.1}
\BOOKMARK [2][-]{subsection.1.3.1}{ \040: ctypes}{section.1.3}
\BOOKMARK [2][-]{subsection.1.3.2}{ \040}{section.1.3}
\BOOKMARK [2][-]{subsection.1.3.3}{ \040 C}{section.1.3}
\BOOKMARK [2][-]{subsection.1.3.4}{ \040 }{section.1.3}
\BOOKMARK [2][-]{subsection.1.3.5}{ \040 }{section.1.3}
\BOOKMARK [0][-]{chapter.2}{ \040 }{}
\BOOKMARK [1][-]{section*.5}{Intro}{chapter.2}
\BOOKMARK [1][-]{section.2.1}{ \040 \040}{chapter.2}
\BOOKMARK [1][-]{section.2.2}{}{chapter.2}
\BOOKMARK [1][-]{section.2.3}{ }{chapter.2}
\BOOKMARK [1][-]{section.2.4}{ }{chapter.2}
\BOOKMARK [2][-]{subsection.2.4.1}{ \040}{section.2.4}
\BOOKMARK [2][-]{subsection.2.4.2}{ \040}{section.2.4}
\BOOKMARK [2][-]{subsection.2.4.3}{ \040}{section.2.4}
\BOOKMARK [0][-]{chapter.3}{ \040 Windows}{}
\BOOKMARK [1][-]{section*.7}{Intro}{chapter.3}
\BOOKMARK [1][-]{section.3.1}{Debuggee, Where Art Thou?}{chapter.3}
\BOOKMARK [1][-]{section.3.2}{ \040 }{chapter.3}
\BOOKMARK [2][-]{subsection.3.2.1}{ }{section.3.2}
\BOOKMARK [2][-]{subsection.3.2.2}{ \040}{section.3.2}
\BOOKMARK [1][-]{section.3.3}{ \040 }{chapter.3}
\BOOKMARK [1][-]{section.3.4}{ }{chapter.3}
\BOOKMARK [2][-]{subsection.3.4.1}{ }{section.3.4}
\BOOKMARK [2][-]{subsection.3.4.2}{ }{section.3.4}
\BOOKMARK [2][-]{subsection.3.4.3}{ \040}{section.3.4}
\BOOKMARK [1][-]{section.3.5}{}{chapter.3}
\BOOKMARK [1][-]{section.3.6}{ \040 }{chapter.3}
\BOOKMARK [0][-]{chapter.4}{PyDbg - Windows \040 \040Python}{}
\BOOKMARK [0][-]{chapter.5}{Immunity Debugger}{}
\BOOKMARK [0][-]{chapter.6}{Hooking}{}
\BOOKMARK [0][-]{chapter.7}{DLL \040Code Injection}{}
\BOOKMARK [0][-]{chapter.8}{Fuzzing}{}
\BOOKMARK [0][-]{chapter.9}{Sulley}{}
\BOOKMARK [0][-]{chapter.10}{ \040Windows}{}
\BOOKMARK [0][-]{chapter.11}{IDAPython}{}
\BOOKMARK [0][-]{chapter.12}{PyEmu}{}
